{"/home/cypher/ecommerce-CMS-server/app.js": {"path":"/home/cypher/ecommerce-CMS-server/app.js","statementMap":{"0":{"start":{"line":1,"column":0},"end":{"line":2,"column":28}},"1":{"start":{"line":2,"column":2},"end":{"line":2,"column":28}},"2":{"start":{"line":3,"column":16},"end":{"line":3,"column":34}},"3":{"start":{"line":4,"column":12},"end":{"line":4,"column":21}},"4":{"start":{"line":5,"column":15},"end":{"line":5,"column":40}},"5":{"start":{"line":6,"column":13},"end":{"line":6,"column":28}},"6":{"start":{"line":7,"column":21},"end":{"line":7,"column":58}},"7":{"start":{"line":9,"column":0},"end":{"line":9,"column":15}},"8":{"start":{"line":11,"column":0},"end":{"line":11,"column":23}},"9":{"start":{"line":13,"column":0},"end":{"line":13,"column":48}},"10":{"start":{"line":15,"column":0},"end":{"line":15,"column":20}},"11":{"start":{"line":17,"column":0},"end":{"line":17,"column":21}},"12":{"start":{"line":19,"column":0},"end":{"line":19,"column":20}}},"fnMap":{},"branchMap":{"0":{"loc":{"start":{"line":1,"column":0},"end":{"line":2,"column":28}},"type":"if","locations":[{"start":{"line":1,"column":0},"end":{"line":2,"column":28}},{"start":{"line":1,"column":0},"end":{"line":2,"column":28}}],"line":1},"1":{"loc":{"start":{"line":1,"column":4},"end":{"line":1,"column":77}},"type":"binary-expr","locations":[{"start":{"line":1,"column":4},"end":{"line":1,"column":42}},{"start":{"line":1,"column":46},"end":{"line":1,"column":77}}],"line":1}},"s":{"0":2,"1":2,"2":2,"3":2,"4":2,"5":2,"6":2,"7":2,"8":2,"9":2,"10":2,"11":2,"12":2},"f":{},"b":{"0":[2,0],"1":[2,2]},"_coverageSchema":"1a1c01bbd47fc00a2c39e90264f33305004495a9","hash":"3d44614eedde28f52f49fe515fd5d565025b2260"}
,"/home/cypher/ecommerce-CMS-server/config/config.js": {"path":"/home/cypher/ecommerce-CMS-server/config/config.js","statementMap":{"0":{"start":{"line":1,"column":0},"end":{"line":2,"column":28}},"1":{"start":{"line":2,"column":2},"end":{"line":2,"column":28}},"2":{"start":{"line":4,"column":0},"end":{"line":27,"column":1}}},"fnMap":{},"branchMap":{"0":{"loc":{"start":{"line":1,"column":0},"end":{"line":2,"column":28}},"type":"if","locations":[{"start":{"line":1,"column":0},"end":{"line":2,"column":28}},{"start":{"line":1,"column":0},"end":{"line":2,"column":28}}],"line":1},"1":{"loc":{"start":{"line":1,"column":4},"end":{"line":1,"column":77}},"type":"binary-expr","locations":[{"start":{"line":1,"column":4},"end":{"line":1,"column":42}},{"start":{"line":1,"column":46},"end":{"line":1,"column":77}}],"line":1}},"s":{"0":2,"1":2,"2":2},"f":{},"b":{"0":[2,0],"1":[2,2]},"_coverageSchema":"1a1c01bbd47fc00a2c39e90264f33305004495a9","hash":"37f5da1a749fa527a8048637adb3695d49ca994b"}
,"/home/cypher/ecommerce-CMS-server/controllers/productController.js": {"path":"/home/cypher/ecommerce-CMS-server/controllers/productController.js","statementMap":{"0":{"start":{"line":1,"column":20},"end":{"line":1,"column":40}},"1":{"start":{"line":5,"column":4},"end":{"line":10,"column":5}},"2":{"start":{"line":6,"column":23},"end":{"line":6,"column":65}},"3":{"start":{"line":7,"column":6},"end":{"line":7,"column":36}},"4":{"start":{"line":9,"column":6},"end":{"line":9,"column":15}},"5":{"start":{"line":14,"column":4},"end":{"line":19,"column":5}},"6":{"start":{"line":15,"column":22},"end":{"line":15,"column":33}},"7":{"start":{"line":16,"column":6},"end":{"line":16,"column":35}},"8":{"start":{"line":18,"column":6},"end":{"line":18,"column":15}},"9":{"start":{"line":23,"column":4},"end":{"line":32,"column":5}},"10":{"start":{"line":24,"column":48},"end":{"line":24,"column":56}},"11":{"start":{"line":25,"column":20},"end":{"line":25,"column":53}},"12":{"start":{"line":27,"column":25},"end":{"line":27,"column":73}},"13":{"start":{"line":29,"column":6},"end":{"line":29,"column":38}},"14":{"start":{"line":31,"column":6},"end":{"line":31,"column":15}},"15":{"start":{"line":36,"column":4},"end":{"line":52,"column":5}},"16":{"start":{"line":37,"column":17},"end":{"line":37,"column":30}},"17":{"start":{"line":38,"column":48},"end":{"line":38,"column":56}},"18":{"start":{"line":39,"column":20},"end":{"line":39,"column":53}},"19":{"start":{"line":41,"column":19},"end":{"line":44,"column":8}},"20":{"start":{"line":47,"column":22},"end":{"line":47,"column":32}},"21":{"start":{"line":49,"column":6},"end":{"line":49,"column":35}},"22":{"start":{"line":51,"column":6},"end":{"line":51,"column":15}},"23":{"start":{"line":56,"column":4},"end":{"line":67,"column":5}},"24":{"start":{"line":57,"column":17},"end":{"line":57,"column":30}},"25":{"start":{"line":59,"column":26},"end":{"line":59,"column":66}},"26":{"start":{"line":61,"column":23},"end":{"line":61,"column":34}},"27":{"start":{"line":63,"column":6},"end":{"line":63,"column":36}},"28":{"start":{"line":65,"column":6},"end":{"line":65,"column":22}},"29":{"start":{"line":66,"column":6},"end":{"line":66,"column":15}},"30":{"start":{"line":71,"column":0},"end":{"line":71,"column":34}}},"fnMap":{"0":{"name":"(anonymous_0)","decl":{"start":{"line":4,"column":2},"end":{"line":4,"column":3}},"loc":{"start":{"line":4,"column":48},"end":{"line":11,"column":3}},"line":4},"1":{"name":"(anonymous_1)","decl":{"start":{"line":13,"column":2},"end":{"line":13,"column":3}},"loc":{"start":{"line":13,"column":44},"end":{"line":20,"column":3}},"line":13},"2":{"name":"(anonymous_2)","decl":{"start":{"line":22,"column":2},"end":{"line":22,"column":3}},"loc":{"start":{"line":22,"column":42},"end":{"line":33,"column":3}},"line":22},"3":{"name":"(anonymous_3)","decl":{"start":{"line":35,"column":2},"end":{"line":35,"column":3}},"loc":{"start":{"line":35,"column":43},"end":{"line":53,"column":3}},"line":35},"4":{"name":"(anonymous_4)","decl":{"start":{"line":55,"column":2},"end":{"line":55,"column":3}},"loc":{"start":{"line":55,"column":45},"end":{"line":68,"column":3}},"line":55}},"branchMap":{},"s":{"0":2,"1":1,"2":1,"3":1,"4":0,"5":1,"6":1,"7":1,"8":0,"9":10,"10":10,"11":10,"12":10,"13":1,"14":9,"15":10,"16":10,"17":10,"18":10,"19":10,"20":1,"21":1,"22":9,"23":1,"24":1,"25":1,"26":1,"27":1,"28":0,"29":0,"30":2},"f":{"0":1,"1":1,"2":10,"3":10,"4":1},"b":{},"_coverageSchema":"1a1c01bbd47fc00a2c39e90264f33305004495a9","hash":"5c6369ca7cb4aa6286295891aa6f76c3a5e3b9c3"}
,"/home/cypher/ecommerce-CMS-server/controllers/userController.js": {"path":"/home/cypher/ecommerce-CMS-server/controllers/userController.js","statementMap":{"0":{"start":{"line":1,"column":17},"end":{"line":1,"column":37}},"1":{"start":{"line":2,"column":20},"end":{"line":2,"column":48}},"2":{"start":{"line":3,"column":26},"end":{"line":3,"column":51}},"3":{"start":{"line":7,"column":4},"end":{"line":30,"column":5}},"4":{"start":{"line":8,"column":32},"end":{"line":8,"column":40}},"5":{"start":{"line":9,"column":6},"end":{"line":9,"column":76}},"6":{"start":{"line":9,"column":31},"end":{"line":9,"column":76}},"7":{"start":{"line":11,"column":19},"end":{"line":11,"column":59}},"8":{"start":{"line":12,"column":6},"end":{"line":12,"column":65}},"9":{"start":{"line":12,"column":17},"end":{"line":12,"column":65}},"10":{"start":{"line":13,"column":6},"end":{"line":13,"column":80}},"11":{"start":{"line":13,"column":33},"end":{"line":13,"column":80}},"12":{"start":{"line":14,"column":6},"end":{"line":15,"column":56}},"13":{"start":{"line":15,"column":8},"end":{"line":15,"column":56}},"14":{"start":{"line":17,"column":27},"end":{"line":20,"column":8}},"15":{"start":{"line":21,"column":23},"end":{"line":25,"column":7}},"16":{"start":{"line":27,"column":6},"end":{"line":27,"column":36}},"17":{"start":{"line":29,"column":6},"end":{"line":29,"column":15}},"18":{"start":{"line":34,"column":4},"end":{"line":53,"column":5}},"19":{"start":{"line":35,"column":38},"end":{"line":35,"column":46}},"20":{"start":{"line":36,"column":6},"end":{"line":36,"column":28}},"21":{"start":{"line":37,"column":18},"end":{"line":37,"column":43}},"22":{"start":{"line":39,"column":19},"end":{"line":39,"column":43}},"23":{"start":{"line":40,"column":27},"end":{"line":43,"column":8}},"24":{"start":{"line":44,"column":23},"end":{"line":48,"column":7}},"25":{"start":{"line":50,"column":6},"end":{"line":50,"column":36}},"26":{"start":{"line":52,"column":6},"end":{"line":52,"column":15}},"27":{"start":{"line":57,"column":0},"end":{"line":57,"column":31}}},"fnMap":{"0":{"name":"(anonymous_0)","decl":{"start":{"line":6,"column":2},"end":{"line":6,"column":3}},"loc":{"start":{"line":6,"column":37},"end":{"line":31,"column":3}},"line":6},"1":{"name":"(anonymous_1)","decl":{"start":{"line":33,"column":2},"end":{"line":33,"column":3}},"loc":{"start":{"line":33,"column":40},"end":{"line":54,"column":3}},"line":33}},"branchMap":{"0":{"loc":{"start":{"line":9,"column":6},"end":{"line":9,"column":76}},"type":"if","locations":[{"start":{"line":9,"column":6},"end":{"line":9,"column":76}},{"start":{"line":9,"column":6},"end":{"line":9,"column":76}}],"line":9},"1":{"loc":{"start":{"line":9,"column":10},"end":{"line":9,"column":29}},"type":"binary-expr","locations":[{"start":{"line":9,"column":10},"end":{"line":9,"column":16}},{"start":{"line":9,"column":20},"end":{"line":9,"column":29}}],"line":9},"2":{"loc":{"start":{"line":12,"column":6},"end":{"line":12,"column":65}},"type":"if","locations":[{"start":{"line":12,"column":6},"end":{"line":12,"column":65}},{"start":{"line":12,"column":6},"end":{"line":12,"column":65}}],"line":12},"3":{"loc":{"start":{"line":13,"column":6},"end":{"line":13,"column":80}},"type":"if","locations":[{"start":{"line":13,"column":6},"end":{"line":13,"column":80}},{"start":{"line":13,"column":6},"end":{"line":13,"column":80}}],"line":13},"4":{"loc":{"start":{"line":14,"column":6},"end":{"line":15,"column":56}},"type":"if","locations":[{"start":{"line":14,"column":6},"end":{"line":15,"column":56}},{"start":{"line":14,"column":6},"end":{"line":15,"column":56}}],"line":14},"5":{"loc":{"start":{"line":36,"column":13},"end":{"line":36,"column":28}},"type":"binary-expr","locations":[{"start":{"line":36,"column":13},"end":{"line":36,"column":17}},{"start":{"line":36,"column":21},"end":{"line":36,"column":28}}],"line":36}},"s":{"0":2,"1":2,"2":2,"3":6,"4":6,"5":6,"6":2,"7":4,"8":4,"9":1,"10":3,"11":1,"12":2,"13":1,"14":1,"15":1,"16":1,"17":5,"18":10,"19":10,"20":10,"21":10,"22":10,"23":4,"24":4,"25":4,"26":6,"27":2},"f":{"0":6,"1":10},"b":{"0":[2,4],"1":[6,5],"2":[1,3],"3":[1,2],"4":[1,1],"5":[10,0]},"_coverageSchema":"1a1c01bbd47fc00a2c39e90264f33305004495a9","hash":"4bd4474f8e36b33fb03aeee125fea9ceecd1150e"}
,"/home/cypher/ecommerce-CMS-server/helpers/bcrypt.js": {"path":"/home/cypher/ecommerce-CMS-server/helpers/bcrypt.js","statementMap":{"0":{"start":{"line":1,"column":15},"end":{"line":1,"column":34}},"1":{"start":{"line":4,"column":15},"end":{"line":4,"column":37}},"2":{"start":{"line":5,"column":15},"end":{"line":5,"column":42}},"3":{"start":{"line":6,"column":2},"end":{"line":6,"column":13}},"4":{"start":{"line":10,"column":2},"end":{"line":10,"column":40}},"5":{"start":{"line":13,"column":0},"end":{"line":16,"column":1}}},"fnMap":{"0":{"name":"hash","decl":{"start":{"line":3,"column":9},"end":{"line":3,"column":13}},"loc":{"start":{"line":3,"column":21},"end":{"line":7,"column":1}},"line":3},"1":{"name":"compare","decl":{"start":{"line":9,"column":9},"end":{"line":9,"column":16}},"loc":{"start":{"line":9,"column":30},"end":{"line":11,"column":1}},"line":9}},"branchMap":{},"s":{"0":2,"1":5,"2":5,"3":5,"4":2,"5":2},"f":{"0":5,"1":2},"b":{},"_coverageSchema":"1a1c01bbd47fc00a2c39e90264f33305004495a9","hash":"fba5487c9890db95d017d524867bbb2210f6b292"}
,"/home/cypher/ecommerce-CMS-server/helpers/jwt.js": {"path":"/home/cypher/ecommerce-CMS-server/helpers/jwt.js","statementMap":{"0":{"start":{"line":1,"column":12},"end":{"line":1,"column":35}},"1":{"start":{"line":4,"column":2},"end":{"line":4,"column":50}},"2":{"start":{"line":8,"column":2},"end":{"line":8,"column":50}},"3":{"start":{"line":11,"column":0},"end":{"line":14,"column":1}}},"fnMap":{"0":{"name":"generateToken","decl":{"start":{"line":3,"column":9},"end":{"line":3,"column":22}},"loc":{"start":{"line":3,"column":32},"end":{"line":5,"column":1}},"line":3},"1":{"name":"verifyToken","decl":{"start":{"line":7,"column":9},"end":{"line":7,"column":20}},"loc":{"start":{"line":7,"column":28},"end":{"line":9,"column":1}},"line":7}},"branchMap":{},"s":{"0":2,"1":5,"2":36,"3":2},"f":{"0":5,"1":36},"b":{},"_coverageSchema":"1a1c01bbd47fc00a2c39e90264f33305004495a9","hash":"fe041b8cc0b1b0723cfa9936f658ac96b64d9949"}
,"/home/cypher/ecommerce-CMS-server/middlewares/authenticate.js": {"path":"/home/cypher/ecommerce-CMS-server/middlewares/authenticate.js","statementMap":{"0":{"start":{"line":1,"column":24},"end":{"line":1,"column":49}},"1":{"start":{"line":2,"column":17},"end":{"line":2,"column":37}},"2":{"start":{"line":4,"column":0},"end":{"line":18,"column":1}},"3":{"start":{"line":5,"column":2},"end":{"line":17,"column":3}},"4":{"start":{"line":6,"column":25},"end":{"line":6,"column":49}},"5":{"start":{"line":7,"column":20},"end":{"line":7,"column":45}},"6":{"start":{"line":9,"column":17},"end":{"line":9,"column":48}},"7":{"start":{"line":10,"column":4},"end":{"line":10,"column":56}},"8":{"start":{"line":10,"column":15},"end":{"line":10,"column":56}},"9":{"start":{"line":12,"column":4},"end":{"line":12,"column":19}},"10":{"start":{"line":14,"column":4},"end":{"line":14,"column":10}},"11":{"start":{"line":16,"column":4},"end":{"line":16,"column":13}}},"fnMap":{"0":{"name":"(anonymous_0)","decl":{"start":{"line":4,"column":17},"end":{"line":4,"column":18}},"loc":{"start":{"line":4,"column":41},"end":{"line":18,"column":1}},"line":4}},"branchMap":{"0":{"loc":{"start":{"line":10,"column":4},"end":{"line":10,"column":56}},"type":"if","locations":[{"start":{"line":10,"column":4},"end":{"line":10,"column":56}},{"start":{"line":10,"column":4},"end":{"line":10,"column":56}}],"line":10}},"s":{"0":2,"1":2,"2":2,"3":36,"4":36,"5":36,"6":31,"7":31,"8":0,"9":31,"10":31,"11":5},"f":{"0":36},"b":{"0":[0,31]},"_coverageSchema":"1a1c01bbd47fc00a2c39e90264f33305004495a9","hash":"4cf59e6fe8d511131345b44659cc71fc19b5a03f"}
,"/home/cypher/ecommerce-CMS-server/middlewares/authorize.js": {"path":"/home/cypher/ecommerce-CMS-server/middlewares/authorize.js","statementMap":{"0":{"start":{"line":1,"column":0},"end":{"line":11,"column":1}},"1":{"start":{"line":2,"column":2},"end":{"line":10,"column":3}},"2":{"start":{"line":3,"column":13},"end":{"line":3,"column":26}},"3":{"start":{"line":5,"column":4},"end":{"line":5,"column":79}},"4":{"start":{"line":5,"column":35},"end":{"line":5,"column":79}},"5":{"start":{"line":7,"column":4},"end":{"line":7,"column":10}},"6":{"start":{"line":9,"column":4},"end":{"line":9,"column":13}}},"fnMap":{"0":{"name":"(anonymous_0)","decl":{"start":{"line":1,"column":17},"end":{"line":1,"column":18}},"loc":{"start":{"line":1,"column":47},"end":{"line":11,"column":1}},"line":1}},"branchMap":{"0":{"loc":{"start":{"line":5,"column":4},"end":{"line":5,"column":79}},"type":"if","locations":[{"start":{"line":5,"column":4},"end":{"line":5,"column":79}},{"start":{"line":5,"column":4},"end":{"line":5,"column":79}}],"line":5}},"s":{"0":2,"1":31,"2":31,"3":31,"4":5,"5":26,"6":5},"f":{"0":31},"b":{"0":[5,26]},"_coverageSchema":"1a1c01bbd47fc00a2c39e90264f33305004495a9","hash":"2a61c5b35ebf2a0ad9005dd9580825405315fda3"}
,"/home/cypher/ecommerce-CMS-server/middlewares/errorHandler.js": {"path":"/home/cypher/ecommerce-CMS-server/middlewares/errorHandler.js","statementMap":{"0":{"start":{"line":1,"column":0},"end":{"line":85,"column":1}},"1":{"start":{"line":2,"column":2},"end":{"line":2,"column":41}},"2":{"start":{"line":3,"column":2},"end":{"line":3,"column":44}},"3":{"start":{"line":4,"column":2},"end":{"line":4,"column":47}},"4":{"start":{"line":5,"column":19},"end":{"line":5,"column":22}},"5":{"start":{"line":6,"column":18},"end":{"line":6,"column":41}},"6":{"start":{"line":7,"column":16},"end":{"line":7,"column":35}},"7":{"start":{"line":9,"column":2},"end":{"line":82,"column":3}},"8":{"start":{"line":11,"column":6},"end":{"line":11,"column":22}},"9":{"start":{"line":12,"column":6},"end":{"line":12,"column":36}},"10":{"start":{"line":13,"column":16},"end":{"line":13,"column":18}},"11":{"start":{"line":14,"column":6},"end":{"line":16,"column":8}},"12":{"start":{"line":15,"column":8},"end":{"line":15,"column":28}},"13":{"start":{"line":17,"column":6},"end":{"line":17,"column":19}},"14":{"start":{"line":18,"column":6},"end":{"line":18,"column":11}},"15":{"start":{"line":21,"column":6},"end":{"line":21,"column":22}},"16":{"start":{"line":22,"column":6},"end":{"line":22,"column":36}},"17":{"start":{"line":23,"column":6},"end":{"line":23,"column":27}},"18":{"start":{"line":24,"column":6},"end":{"line":24,"column":11}},"19":{"start":{"line":27,"column":6},"end":{"line":27,"column":22}},"20":{"start":{"line":28,"column":6},"end":{"line":28,"column":29}},"21":{"start":{"line":29,"column":6},"end":{"line":29,"column":49}},"22":{"start":{"line":30,"column":6},"end":{"line":30,"column":11}},"23":{"start":{"line":33,"column":6},"end":{"line":33,"column":22}},"24":{"start":{"line":34,"column":6},"end":{"line":34,"column":36}},"25":{"start":{"line":35,"column":6},"end":{"line":35,"column":48}},"26":{"start":{"line":36,"column":6},"end":{"line":36,"column":11}},"27":{"start":{"line":39,"column":6},"end":{"line":39,"column":22}},"28":{"start":{"line":40,"column":6},"end":{"line":40,"column":36}},"29":{"start":{"line":41,"column":6},"end":{"line":41,"column":50}},"30":{"start":{"line":42,"column":6},"end":{"line":42,"column":11}},"31":{"start":{"line":45,"column":6},"end":{"line":45,"column":22}},"32":{"start":{"line":46,"column":6},"end":{"line":46,"column":32}},"33":{"start":{"line":47,"column":6},"end":{"line":47,"column":36}},"34":{"start":{"line":48,"column":6},"end":{"line":48,"column":11}},"35":{"start":{"line":51,"column":6},"end":{"line":51,"column":22}},"36":{"start":{"line":52,"column":6},"end":{"line":52,"column":32}},"37":{"start":{"line":53,"column":6},"end":{"line":53,"column":36}},"38":{"start":{"line":54,"column":6},"end":{"line":54,"column":11}},"39":{"start":{"line":57,"column":6},"end":{"line":57,"column":22}},"40":{"start":{"line":58,"column":6},"end":{"line":58,"column":36}},"41":{"start":{"line":59,"column":6},"end":{"line":59,"column":49}},"42":{"start":{"line":60,"column":6},"end":{"line":60,"column":11}},"43":{"start":{"line":63,"column":6},"end":{"line":63,"column":22}},"44":{"start":{"line":64,"column":6},"end":{"line":64,"column":36}},"45":{"start":{"line":65,"column":6},"end":{"line":65,"column":50}},"46":{"start":{"line":66,"column":6},"end":{"line":66,"column":11}},"47":{"start":{"line":69,"column":6},"end":{"line":69,"column":22}},"48":{"start":{"line":70,"column":6},"end":{"line":70,"column":36}},"49":{"start":{"line":71,"column":6},"end":{"line":71,"column":41}},"50":{"start":{"line":72,"column":6},"end":{"line":72,"column":11}},"51":{"start":{"line":75,"column":6},"end":{"line":75,"column":22}},"52":{"start":{"line":76,"column":6},"end":{"line":76,"column":36}},"53":{"start":{"line":77,"column":6},"end":{"line":77,"column":37}},"54":{"start":{"line":78,"column":6},"end":{"line":78,"column":11}},"55":{"start":{"line":81,"column":6},"end":{"line":81,"column":11}},"56":{"start":{"line":84,"column":2},"end":{"line":84,"column":53}}},"fnMap":{"0":{"name":"(anonymous_0)","decl":{"start":{"line":1,"column":17},"end":{"line":1,"column":18}},"loc":{"start":{"line":1,"column":40},"end":{"line":85,"column":1}},"line":1},"1":{"name":"(anonymous_1)","decl":{"start":{"line":14,"column":25},"end":{"line":14,"column":26}},"loc":{"start":{"line":14,"column":33},"end":{"line":16,"column":7}},"line":14}},"branchMap":{"0":{"loc":{"start":{"line":9,"column":2},"end":{"line":82,"column":3}},"type":"switch","locations":[{"start":{"line":10,"column":4},"end":{"line":18,"column":11}},{"start":{"line":20,"column":4},"end":{"line":24,"column":11}},{"start":{"line":26,"column":4},"end":{"line":30,"column":11}},{"start":{"line":32,"column":4},"end":{"line":36,"column":11}},{"start":{"line":38,"column":4},"end":{"line":42,"column":11}},{"start":{"line":44,"column":4},"end":{"line":48,"column":11}},{"start":{"line":50,"column":4},"end":{"line":54,"column":11}},{"start":{"line":56,"column":4},"end":{"line":60,"column":11}},{"start":{"line":62,"column":4},"end":{"line":66,"column":11}},{"start":{"line":68,"column":4},"end":{"line":72,"column":11}},{"start":{"line":74,"column":4},"end":{"line":78,"column":11}},{"start":{"line":80,"column":4},"end":{"line":81,"column":11}}],"line":9}},"s":{"0":2,"1":42,"2":42,"3":42,"4":42,"5":42,"6":42,"7":42,"8":23,"9":23,"10":23,"11":23,"12":31,"13":23,"14":23,"15":0,"16":0,"17":0,"18":0,"19":3,"20":3,"21":3,"22":3,"23":0,"24":0,"25":0,"26":0,"27":5,"28":5,"29":5,"30":5,"31":5,"32":5,"33":5,"34":5,"35":0,"36":0,"37":0,"38":0,"39":2,"40":2,"41":2,"42":2,"43":1,"44":1,"45":1,"46":1,"47":2,"48":2,"49":2,"50":2,"51":1,"52":1,"53":1,"54":1,"55":0,"56":42},"f":{"0":42,"1":31},"b":{"0":[23,0,3,0,5,5,0,2,1,2,1,0]},"_coverageSchema":"1a1c01bbd47fc00a2c39e90264f33305004495a9","hash":"11549a1e0c0622b69d61f722eacfee65eb03fdf4"}
,"/home/cypher/ecommerce-CMS-server/middlewares/finder.js": {"path":"/home/cypher/ecommerce-CMS-server/middlewares/finder.js","statementMap":{"0":{"start":{"line":1,"column":20},"end":{"line":1,"column":40}},"1":{"start":{"line":3,"column":0},"end":{"line":15,"column":1}},"2":{"start":{"line":4,"column":2},"end":{"line":14,"column":3}},"3":{"start":{"line":5,"column":13},"end":{"line":5,"column":26}},"4":{"start":{"line":7,"column":20},"end":{"line":7,"column":46}},"5":{"start":{"line":8,"column":4},"end":{"line":8,"column":63}},"6":{"start":{"line":8,"column":18},"end":{"line":8,"column":63}},"7":{"start":{"line":9,"column":4},"end":{"line":9,"column":25}},"8":{"start":{"line":11,"column":4},"end":{"line":11,"column":10}},"9":{"start":{"line":13,"column":4},"end":{"line":13,"column":13}}},"fnMap":{"0":{"name":"(anonymous_0)","decl":{"start":{"line":3,"column":17},"end":{"line":3,"column":18}},"loc":{"start":{"line":3,"column":41},"end":{"line":15,"column":1}},"line":3}},"branchMap":{"0":{"loc":{"start":{"line":8,"column":4},"end":{"line":8,"column":63}},"type":"if","locations":[{"start":{"line":8,"column":4},"end":{"line":8,"column":63}},{"start":{"line":8,"column":4},"end":{"line":8,"column":63}}],"line":8}},"s":{"0":2,"1":2,"2":15,"3":15,"4":15,"5":15,"6":3,"7":12,"8":12,"9":3},"f":{"0":15},"b":{"0":[3,12]},"_coverageSchema":"1a1c01bbd47fc00a2c39e90264f33305004495a9","hash":"32b7d8952c8780476ad5a4cd348808d7ba567d34"}
,"/home/cypher/ecommerce-CMS-server/models/index.js": {"path":"/home/cypher/ecommerce-CMS-server/models/index.js","statementMap":{"0":{"start":{"line":3,"column":11},"end":{"line":3,"column":24}},"1":{"start":{"line":4,"column":13},"end":{"line":4,"column":28}},"2":{"start":{"line":5,"column":18},"end":{"line":5,"column":38}},"3":{"start":{"line":6,"column":17},"end":{"line":6,"column":42}},"4":{"start":{"line":7,"column":12},"end":{"line":7,"column":49}},"5":{"start":{"line":8,"column":15},"end":{"line":8,"column":63}},"6":{"start":{"line":9,"column":11},"end":{"line":9,"column":13}},"7":{"start":{"line":12,"column":0},"end":{"line":21,"column":1}},"8":{"start":{"line":13,"column":2},"end":{"line":13,"column":73}},"9":{"start":{"line":15,"column":2},"end":{"line":20,"column":3}},"10":{"start":{"line":23,"column":0},"end":{"line":35,"column":4}},"11":{"start":{"line":25,"column":4},"end":{"line":27,"column":5}},"12":{"start":{"line":30,"column":18},"end":{"line":33,"column":5}},"13":{"start":{"line":34,"column":4},"end":{"line":34,"column":26}},"14":{"start":{"line":37,"column":0},"end":{"line":41,"column":2}},"15":{"start":{"line":38,"column":2},"end":{"line":40,"column":3}},"16":{"start":{"line":39,"column":4},"end":{"line":39,"column":31}},"17":{"start":{"line":43,"column":0},"end":{"line":43,"column":24}},"18":{"start":{"line":44,"column":0},"end":{"line":44,"column":24}},"19":{"start":{"line":46,"column":0},"end":{"line":46,"column":19}}},"fnMap":{"0":{"name":"(anonymous_0)","decl":{"start":{"line":24,"column":10},"end":{"line":24,"column":11}},"loc":{"start":{"line":24,"column":20},"end":{"line":28,"column":3}},"line":24},"1":{"name":"(anonymous_1)","decl":{"start":{"line":29,"column":11},"end":{"line":29,"column":12}},"loc":{"start":{"line":29,"column":21},"end":{"line":35,"column":3}},"line":29},"2":{"name":"(anonymous_2)","decl":{"start":{"line":37,"column":24},"end":{"line":37,"column":25}},"loc":{"start":{"line":37,"column":39},"end":{"line":41,"column":1}},"line":37}},"branchMap":{"0":{"loc":{"start":{"line":7,"column":12},"end":{"line":7,"column":49}},"type":"binary-expr","locations":[{"start":{"line":7,"column":12},"end":{"line":7,"column":32}},{"start":{"line":7,"column":36},"end":{"line":7,"column":49}}],"line":7},"1":{"loc":{"start":{"line":12,"column":0},"end":{"line":21,"column":1}},"type":"if","locations":[{"start":{"line":12,"column":0},"end":{"line":21,"column":1}},{"start":{"line":12,"column":0},"end":{"line":21,"column":1}}],"line":12},"2":{"loc":{"start":{"line":26,"column":6},"end":{"line":26,"column":78}},"type":"binary-expr","locations":[{"start":{"line":26,"column":6},"end":{"line":26,"column":29}},{"start":{"line":26,"column":33},"end":{"line":26,"column":50}},{"start":{"line":26,"column":54},"end":{"line":26,"column":78}}],"line":26},"3":{"loc":{"start":{"line":38,"column":2},"end":{"line":40,"column":3}},"type":"if","locations":[{"start":{"line":38,"column":2},"end":{"line":40,"column":3}},{"start":{"line":38,"column":2},"end":{"line":40,"column":3}}],"line":38}},"s":{"0":2,"1":2,"2":2,"3":2,"4":2,"5":2,"6":2,"7":2,"8":0,"9":2,"10":2,"11":6,"12":4,"13":4,"14":2,"15":4,"16":4,"17":2,"18":2,"19":2},"f":{"0":6,"1":4,"2":4},"b":{"0":[2,0],"1":[0,2],"2":[6,6,4],"3":[4,0]},"_coverageSchema":"1a1c01bbd47fc00a2c39e90264f33305004495a9","hash":"9aa294377155b2bf6c95fc80f1b8b1872bfe93d5"}
,"/home/cypher/ecommerce-CMS-server/models/product.js": {"path":"/home/cypher/ecommerce-CMS-server/models/product.js","statementMap":{"0":{"start":{"line":2,"column":18},"end":{"line":2,"column":38}},"1":{"start":{"line":3,"column":0},"end":{"line":60,"column":1}},"2":{"start":{"line":14,"column":2},"end":{"line":58,"column":3}},"3":{"start":{"line":59,"column":2},"end":{"line":59,"column":16}}},"fnMap":{"0":{"name":"(anonymous_0)","decl":{"start":{"line":3,"column":17},"end":{"line":3,"column":18}},"loc":{"start":{"line":3,"column":43},"end":{"line":60,"column":1}},"line":3},"1":{"name":"(anonymous_1)","decl":{"start":{"line":10,"column":4},"end":{"line":10,"column":5}},"loc":{"start":{"line":10,"column":29},"end":{"line":12,"column":5}},"line":10}},"branchMap":{},"s":{"0":2,"1":2,"2":2,"3":2},"f":{"0":2,"1":2},"b":{},"_coverageSchema":"1a1c01bbd47fc00a2c39e90264f33305004495a9","hash":"aa2062a47bd99ba72cb88ee880f684ca917f3bf9"}
,"/home/cypher/ecommerce-CMS-server/models/user.js": {"path":"/home/cypher/ecommerce-CMS-server/models/user.js","statementMap":{"0":{"start":{"line":2,"column":17},"end":{"line":2,"column":45}},"1":{"start":{"line":3,"column":18},"end":{"line":3,"column":38}},"2":{"start":{"line":4,"column":0},"end":{"line":60,"column":1}},"3":{"start":{"line":15,"column":2},"end":{"line":58,"column":3}},"4":{"start":{"line":54,"column":10},"end":{"line":54,"column":47}},"5":{"start":{"line":59,"column":2},"end":{"line":59,"column":13}}},"fnMap":{"0":{"name":"(anonymous_0)","decl":{"start":{"line":4,"column":17},"end":{"line":4,"column":18}},"loc":{"start":{"line":4,"column":43},"end":{"line":60,"column":1}},"line":4},"1":{"name":"(anonymous_1)","decl":{"start":{"line":11,"column":4},"end":{"line":11,"column":5}},"loc":{"start":{"line":11,"column":29},"end":{"line":13,"column":5}},"line":11},"2":{"name":"(anonymous_2)","decl":{"start":{"line":53,"column":8},"end":{"line":53,"column":9}},"loc":{"start":{"line":53,"column":28},"end":{"line":55,"column":9}},"line":53}},"branchMap":{},"s":{"0":2,"1":2,"2":2,"3":2,"4":5,"5":2},"f":{"0":2,"1":2,"2":5},"b":{},"_coverageSchema":"1a1c01bbd47fc00a2c39e90264f33305004495a9","hash":"fb0737703da26124f6881536482294e377dcf6c3"}
,"/home/cypher/ecommerce-CMS-server/routes/index.js": {"path":"/home/cypher/ecommerce-CMS-server/routes/index.js","statementMap":{"0":{"start":{"line":1,"column":15},"end":{"line":1,"column":42}},"1":{"start":{"line":2,"column":14},"end":{"line":2,"column":38}},"2":{"start":{"line":3,"column":17},"end":{"line":3,"column":44}},"3":{"start":{"line":4,"column":21},"end":{"line":4,"column":59}},"4":{"start":{"line":5,"column":18},"end":{"line":5,"column":53}},"5":{"start":{"line":7,"column":0},"end":{"line":7,"column":22}},"6":{"start":{"line":8,"column":0},"end":{"line":8,"column":58}},"7":{"start":{"line":10,"column":0},"end":{"line":10,"column":23}}},"fnMap":{},"branchMap":{},"s":{"0":2,"1":2,"2":2,"3":2,"4":2,"5":2,"6":2,"7":2},"f":{},"b":{},"_coverageSchema":"1a1c01bbd47fc00a2c39e90264f33305004495a9","hash":"9ff600e4bdf223c74a8d5fdcebe2860eaf96b8de"}
,"/home/cypher/ecommerce-CMS-server/routes/productsRoutes.js": {"path":"/home/cypher/ecommerce-CMS-server/routes/productsRoutes.js","statementMap":{"0":{"start":{"line":1,"column":16},"end":{"line":1,"column":34}},"1":{"start":{"line":2,"column":15},"end":{"line":2,"column":31}},"2":{"start":{"line":3,"column":26},"end":{"line":3,"column":69}},"3":{"start":{"line":4,"column":15},"end":{"line":4,"column":47}},"4":{"start":{"line":6,"column":0},"end":{"line":6,"column":51}},"5":{"start":{"line":7,"column":0},"end":{"line":7,"column":46}},"6":{"start":{"line":8,"column":0},"end":{"line":8,"column":26}},"7":{"start":{"line":9,"column":0},"end":{"line":9,"column":50}},"8":{"start":{"line":10,"column":0},"end":{"line":10,"column":49}},"9":{"start":{"line":11,"column":0},"end":{"line":11,"column":54}},"10":{"start":{"line":13,"column":0},"end":{"line":13,"column":23}}},"fnMap":{},"branchMap":{},"s":{"0":2,"1":2,"2":2,"3":2,"4":2,"5":2,"6":2,"7":2,"8":2,"9":2,"10":2},"f":{},"b":{},"_coverageSchema":"1a1c01bbd47fc00a2c39e90264f33305004495a9","hash":"6faef1fd7cf2c842e7f31945f4fa0a3e38feb11b"}
,"/home/cypher/ecommerce-CMS-server/routes/usersRoutes.js": {"path":"/home/cypher/ecommerce-CMS-server/routes/usersRoutes.js","statementMap":{"0":{"start":{"line":1,"column":15},"end":{"line":1,"column":42}},"1":{"start":{"line":2,"column":23},"end":{"line":2,"column":63}},"2":{"start":{"line":4,"column":0},"end":{"line":4,"column":43}},"3":{"start":{"line":5,"column":0},"end":{"line":5,"column":49}},"4":{"start":{"line":7,"column":0},"end":{"line":7,"column":23}}},"fnMap":{},"branchMap":{},"s":{"0":2,"1":2,"2":2,"3":2,"4":2},"f":{},"b":{},"_coverageSchema":"1a1c01bbd47fc00a2c39e90264f33305004495a9","hash":"6adb2885213819fa8db1bdaad12b5a0c83f4eea8"}
}
