TN:
SF:app.js
FNF:0
FNH:0
DA:1,2
DA:2,2
DA:3,2
DA:4,2
DA:5,2
DA:6,2
DA:7,2
DA:9,2
DA:11,2
DA:13,2
DA:15,2
DA:17,2
DA:19,2
LF:13
LH:13
BRDA:1,0,0,2
BRDA:1,0,1,0
BRDA:1,1,0,2
BRDA:1,1,1,2
BRF:4
BRH:3
end_of_record
TN:
SF:config/config.js
FNF:0
FNH:0
DA:1,2
DA:2,2
DA:4,2
LF:3
LH:3
BRDA:1,0,0,2
BRDA:1,0,1,0
BRDA:1,1,0,2
BRDA:1,1,1,2
BRF:4
BRH:3
end_of_record
TN:
SF:controllers/productController.js
FN:4,(anonymous_0)
FN:13,(anonymous_1)
FN:22,(anonymous_2)
FN:35,(anonymous_3)
FN:55,(anonymous_4)
FNF:5
FNH:5
FNDA:1,(anonymous_0)
FNDA:1,(anonymous_1)
FNDA:10,(anonymous_2)
FNDA:10,(anonymous_3)
FNDA:1,(anonymous_4)
DA:1,2
DA:5,1
DA:6,1
DA:7,1
DA:9,0
DA:14,1
DA:15,1
DA:16,1
DA:18,0
DA:23,10
DA:24,10
DA:25,10
DA:27,10
DA:29,1
DA:31,9
DA:36,10
DA:37,10
DA:38,10
DA:39,10
DA:41,10
DA:47,1
DA:49,1
DA:51,9
DA:56,1
DA:57,1
DA:59,1
DA:61,1
DA:63,1
DA:65,0
DA:66,0
DA:71,2
LF:31
LH:27
BRF:0
BRH:0
end_of_record
TN:
SF:controllers/userController.js
FN:6,(anonymous_0)
FN:33,(anonymous_1)
FNF:2
FNH:2
FNDA:6,(anonymous_0)
FNDA:10,(anonymous_1)
DA:1,2
DA:2,2
DA:3,2
DA:7,6
DA:8,6
DA:9,6
DA:11,4
DA:12,4
DA:13,3
DA:14,2
DA:15,1
DA:17,1
DA:21,1
DA:27,1
DA:29,5
DA:34,10
DA:35,10
DA:36,10
DA:37,10
DA:39,10
DA:40,4
DA:44,4
DA:50,4
DA:52,6
DA:57,2
LF:25
LH:25
BRDA:9,0,0,2
BRDA:9,0,1,4
BRDA:9,1,0,6
BRDA:9,1,1,5
BRDA:12,2,0,1
BRDA:12,2,1,3
BRDA:13,3,0,1
BRDA:13,3,1,2
BRDA:14,4,0,1
BRDA:14,4,1,1
BRDA:36,5,0,10
BRDA:36,5,1,0
BRF:12
BRH:11
end_of_record
TN:
SF:helpers/bcrypt.js
FN:3,hash
FN:9,compare
FNF:2
FNH:2
FNDA:5,hash
FNDA:2,compare
DA:1,2
DA:4,5
DA:5,5
DA:6,5
DA:10,2
DA:13,2
LF:6
LH:6
BRF:0
BRH:0
end_of_record
TN:
SF:helpers/jwt.js
FN:3,generateToken
FN:7,verifyToken
FNF:2
FNH:2
FNDA:5,generateToken
FNDA:36,verifyToken
DA:1,2
DA:4,5
DA:8,36
DA:11,2
LF:4
LH:4
BRF:0
BRH:0
end_of_record
TN:
SF:middlewares/authenticate.js
FN:4,(anonymous_0)
FNF:1
FNH:1
FNDA:36,(anonymous_0)
DA:1,2
DA:2,2
DA:4,2
DA:5,36
DA:6,36
DA:7,36
DA:9,31
DA:10,31
DA:12,31
DA:14,31
DA:16,5
LF:11
LH:11
BRDA:10,0,0,0
BRDA:10,0,1,31
BRF:2
BRH:1
end_of_record
TN:
SF:middlewares/authorize.js
FN:1,(anonymous_0)
FNF:1
FNH:1
FNDA:31,(anonymous_0)
DA:1,2
DA:2,31
DA:3,31
DA:5,31
DA:7,26
DA:9,5
LF:6
LH:6
BRDA:5,0,0,5
BRDA:5,0,1,26
BRF:2
BRH:2
end_of_record
TN:
SF:middlewares/errorHandler.js
FN:1,(anonymous_0)
FN:14,(anonymous_1)
FNF:2
FNH:2
FNDA:42,(anonymous_0)
FNDA:31,(anonymous_1)
DA:1,2
DA:2,42
DA:3,42
DA:4,42
DA:5,42
DA:6,42
DA:7,42
DA:9,42
DA:11,23
DA:12,23
DA:13,23
DA:14,23
DA:15,31
DA:17,23
DA:18,23
DA:21,0
DA:22,0
DA:23,0
DA:24,0
DA:27,3
DA:28,3
DA:29,3
DA:30,3
DA:33,0
DA:34,0
DA:35,0
DA:36,0
DA:39,5
DA:40,5
DA:41,5
DA:42,5
DA:45,5
DA:46,5
DA:47,5
DA:48,5
DA:51,0
DA:52,0
DA:53,0
DA:54,0
DA:57,2
DA:58,2
DA:59,2
DA:60,2
DA:63,1
DA:64,1
DA:65,1
DA:66,1
DA:69,2
DA:70,2
DA:71,2
DA:72,2
DA:75,1
DA:76,1
DA:77,1
DA:78,1
DA:81,0
DA:84,42
LF:57
LH:44
BRDA:9,0,0,23
BRDA:9,0,1,0
BRDA:9,0,2,3
BRDA:9,0,3,0
BRDA:9,0,4,5
BRDA:9,0,5,5
BRDA:9,0,6,0
BRDA:9,0,7,2
BRDA:9,0,8,1
BRDA:9,0,9,2
BRDA:9,0,10,1
BRDA:9,0,11,0
BRF:12
BRH:8
end_of_record
TN:
SF:middlewares/finder.js
FN:3,(anonymous_0)
FNF:1
FNH:1
FNDA:15,(anonymous_0)
DA:1,2
DA:3,2
DA:4,15
DA:5,15
DA:7,15
DA:8,15
DA:9,12
DA:11,12
DA:13,3
LF:9
LH:9
BRDA:8,0,0,3
BRDA:8,0,1,12
BRF:2
BRH:2
end_of_record
TN:
SF:models/index.js
FN:24,(anonymous_0)
FN:29,(anonymous_1)
FN:37,(anonymous_2)
FNF:3
FNH:3
FNDA:6,(anonymous_0)
FNDA:4,(anonymous_1)
FNDA:4,(anonymous_2)
DA:3,2
DA:4,2
DA:5,2
DA:6,2
DA:7,2
DA:8,2
DA:9,2
DA:12,2
DA:13,0
DA:15,2
DA:23,2
DA:25,6
DA:30,4
DA:34,4
DA:37,2
DA:38,4
DA:39,4
DA:43,2
DA:44,2
DA:46,2
LF:20
LH:19
BRDA:7,0,0,2
BRDA:7,0,1,0
BRDA:12,1,0,0
BRDA:12,1,1,2
BRDA:26,2,0,6
BRDA:26,2,1,6
BRDA:26,2,2,4
BRDA:38,3,0,4
BRDA:38,3,1,0
BRF:9
BRH:6
end_of_record
TN:
SF:models/product.js
FN:3,(anonymous_0)
FN:10,(anonymous_1)
FNF:2
FNH:2
FNDA:2,(anonymous_0)
FNDA:2,(anonymous_1)
DA:2,2
DA:3,2
DA:14,2
DA:59,2
LF:4
LH:4
BRF:0
BRH:0
end_of_record
TN:
SF:models/user.js
FN:4,(anonymous_0)
FN:11,(anonymous_1)
FN:53,(anonymous_2)
FNF:3
FNH:3
FNDA:2,(anonymous_0)
FNDA:2,(anonymous_1)
FNDA:5,(anonymous_2)
DA:2,2
DA:3,2
DA:4,2
DA:15,2
DA:54,5
DA:59,2
LF:6
LH:6
BRF:0
BRH:0
end_of_record
TN:
SF:routes/index.js
FNF:0
FNH:0
DA:1,2
DA:2,2
DA:3,2
DA:4,2
DA:5,2
DA:7,2
DA:8,2
DA:10,2
LF:8
LH:8
BRF:0
BRH:0
end_of_record
TN:
SF:routes/productsRoutes.js
FNF:0
FNH:0
DA:1,2
DA:2,2
DA:3,2
DA:4,2
DA:6,2
DA:7,2
DA:8,2
DA:9,2
DA:10,2
DA:11,2
DA:13,2
LF:11
LH:11
BRF:0
BRH:0
end_of_record
TN:
SF:routes/usersRoutes.js
FNF:0
FNH:0
DA:1,2
DA:2,2
DA:4,2
DA:5,2
DA:7,2
LF:5
LH:5
BRF:0
BRH:0
end_of_record
